     1 00000000                                 ; zOS 
     2 00000000                                 ; TAB=4
     3 00000000                                 
     4                                          		ORG		0x7c00			; 程序加载位置
     5 00007C00                                 
     6 00007C00                                 
     7 00007C00                                 ; 以下为FAT12引导
     8 00007C00 EB 4E                           		JMP		entry
     9 00007C02                                 
    10 00007C02 90                              		DB		0x90
    11 00007C03 7A 4F 53 5F 5F 49 50 4C         		DB		"zOS__IPL"		; 扇区名称(8字符)
    12 00007C0B 0200                            		DW		512				; 扇区大小（512字节）
    13 00007C0D 01                              		DB		1				; cluster的个数(必须为1)
    14 00007C0E 0001                            		DW		1				; FAT起始位置（一般为1）
    15 00007C10 02                              		DB		2				; FAT个数（必须为2）
    16 00007C11 00E0                            		DW		224				; 根目录大小（一般为224）
    17 00007C13 0B40                            		DW		2880			; 磁盘大小（必须是2880扇区）
    18 00007C15 F0                              		DB		0xf0			; 磁盘种类（必须为0xf0）
    19 00007C16 0009                            		DW		9				; FAT长度(必须为9)
    20 00007C18 0012                            		DW		18				; 1个磁道有几个扇区（18）
    21 00007C1A 0002                            		DW		2				; 磁头数（必须为2）
    22 00007C1C 00000000                        		DD		0				; 不使用分区（必为00）
    23 00007C20 00000B40                        		DD		2880			; 重写磁道大小
    24 00007C24 00 00 29                        		DB		0,0,0x29		; 
    25 00007C27 FFFFFFFF                        		DD		0xffffffff		; 卷号
    26 00007C2B 7A 4F 53 2D 4F 53 20 20 20 20   		DB		"zOS-OS     "	; 磁盘名
       00007C35 20 
    27 00007C36 46 41 54 31 32 20 20 20         		DB		"FAT12   "		; 硬盘格式
    28 00007C3E 00 00 00 00 00 00 00 00 00 00   		RESB	18				; 空出18字符
       00007C48 00 00 00 00 00 00 00 00 
    29 00007C50                                 
    30 00007C50                                 ; 程序主体
    31 00007C50                                 
    32 00007C50                                 entry:
    33 00007C50 B8 0000                         		MOV		AX,0			; 初始化寄存器
    34 00007C53 8E D0                           		MOV		SS,AX
    35 00007C55 BC 7C00                         		MOV		SP,0x7c00
    36 00007C58 8E D8                           		MOV		DS,AX
    37 00007C5A                                 ; 读取磁盘
    38 00007C5A B8 0820                         		MOV		AX,0x0820
    39 00007C5D 8E C0                           		MOV		ES,AX			
    40 00007C5F B5 00                           		MOV		CH,0			; 柱面0
    41 00007C61 B6 00                           		MOV		DH,0			; 磁头2
    42 00007C63 B1 02                           		MOV		CL,2			; 扇区2
    43 00007C65                                 
    44 00007C65                                 readloop:						; 读取至18扇区
    45 00007C65 BE 0000                         		MOV		SI,0			; 此寄存器用于记录失败次数
    46 00007C68                                 
    47 00007C68                                 retry:
    48 00007C68 B4 02                           		MOV		AH,0x02			; AH=0x02 载入磁盘
    49 00007C6A B0 01                           		MOV		AL,1			; 1个扇区
    50 00007C6C BB 0000                         		MOV 	BX,0
    51 00007C6F B2 00                           		MOV 	DL,0x00			; A驱动器
    52 00007C71 CD 13                           		INT		0x13			; 调用磁盘BIOS
    53 00007C73 73 1F                           		JNC		fin				; 如果没有报错就执行fin
    54 00007C75 83 C6 01                        		ADD		SI,1			; 失败次数+1
    55 00007C78 83 FE 05                        		CMP		SI,5			; 判断失败次数是否为5
    56 00007C7B 73 1A                           		JAE		error			; SI>=5 时报错 JAE的意思是>=
    57 00007C7D B4 00                           		MOV		AH,0x00
    58 00007C7F B2 00                           		MOV		DL,0x00			; A驱动器
    59 00007C81 CD 13                           		INT		0x13			; 驱动器重置
    60 00007C83 EB E3                           		JMP		retry
    61 00007C85                                 
    62 00007C85                                 next:
    63 00007C85 8C C0                           		MOV		AX,ES			; 内存地址后移0x200
    64 00007C87 05 0020                         		ADD		AX,0x0020
    65 00007C8A 8E C0                           		MOV		ES,AX			
    66 00007C8C 80 C1 01                        		ADD		CL,1			; CL用来记录移动的扇区次数
    67 00007C8F 80 F9 12                        		CMP		CL,18			; 比较CL和18
    68 00007C92 76 D1                           		JBE		readloop		; CL <= 18时继续读盘
    69 00007C94                                 
    70 00007C94                                 fin:
    71 00007C94 F4                              		HLT						; CPU待命
    72 00007C95 EB FD                           		JMP		fin				; 无限循环
    73 00007C97                                 
    74 00007C97                                 error:
    75 00007C97 BE 7CAC                         		MOV		SI,msg
    76 00007C9A                                 
    77 00007C9A                                 putloop:
    78 00007C9A 8A 04                           		MOV		AL,[SI]
    79 00007C9C 83 C6 01                        		ADD		SI,1			; SI+1
    80 00007C9F 3C 00                           		CMP		AL,0
    81 00007CA1 74 F1                           		JE		fin
    82 00007CA3 B4 0E                           		MOV		AH,0x0e			; 显示文字
    83 00007CA5 BB 000F                         		MOV		BX,15			; 字符颜色
    84 00007CA8 CD 10                           		INT		0x10			; 调用BIOS命令
    85 00007CAA EB EE                           		JMP		putloop
    86 00007CAC                                 
    87 00007CAC                                 msg:
    88 00007CAC 0A 0A                           		DB		0x0a, 0x0a		; 换行
    89 00007CAE 7A 4F 53 20 69 73 20 69 6E 20   		DB		"zOS is in development."
       00007CB8 64 65 76 65 6C 6F 70 6D 65 6E 
       00007CC2 74 2E 
    90 00007CC4 0A                              		DB		0x0a			; 换行
    91 00007CC5 4C 61 73 74 20 75 70 64 61 74   		DB		"Last updata is 2019.10.02 19:39"
       00007CCF 61 20 69 73 20 32 30 31 39 2E 
       00007CD9 31 30 2E 30 32 20 31 39 3A 33 
       00007CE3 39 
    92 00007CE4 00                              		DB		0
    93 00007CE5                                 
    94 00007CE5 00 00 00 00 00 00 00 00 00 00   		RESB	0x7dfe-$		; 填充0x00直到0x7dfe
       00007CEF 00 00 00 00 00 00 00 00 00 00 
       00007CF9 00 00 00 00 00 00 00 00 00 00 
       00007D03 00 00 00 00 00 00 00 00 00 00 
       00007D0D 00 00 00 00 00 00 00 00 00 00 
       00007D17 00 00 00 00 00 00 00 00 00 00 
       00007D21 00 00 00 00 00 00 00 00 00 00 
       00007D2B 00 00 00 00 00 00 00 00 00 00 
       00007D35 00 00 00 00 00 00 00 00 00 00 
       00007D3F 00 00 00 00 00 00 00 00 00 00 
       00007D49 00 00 00 00 00 00 00 00 00 00 
       00007D53 00 00 00 00 00 00 00 00 00 00 
       00007D5D 00 00 00 00 00 00 00 00 00 00 
       00007D67 00 00 00 00 00 00 00 00 00 00 
       00007D71 00 00 00 00 00 00 00 00 00 00 
       00007D7B 00 00 00 00 00 00 00 00 00 00 
       00007D85 00 00 00 00 00 00 00 00 00 00 
       00007D8F 00 00 00 00 00 00 00 00 00 00 
       00007D99 00 00 00 00 00 00 00 00 00 00 
       00007DA3 00 00 00 00 00 00 00 00 00 00 
       00007DAD 00 00 00 00 00 00 00 00 00 00 
       00007DB7 00 00 00 00 00 00 00 00 00 00 
       00007DC1 00 00 00 00 00 00 00 00 00 00 
       00007DCB 00 00 00 00 00 00 00 00 00 00 
       00007DD5 00 00 00 00 00 00 00 00 00 00 
       00007DDF 00 00 00 00 00 00 00 00 00 00 
       00007DE9 00 00 00 00 00 00 00 00 00 00 
       00007DF3 00 00 00 00 00 00 00 00 00 00 
       00007DFD 00 
    95 00007DFE                                 
    96 00007DFE 55 AA                           		DB		0x55, 0xaa
