     1 00000000                                 ; zOS 
     2 00000000                                 ; TAB=4
     3 00000000                                 
     4  = 0000000A                              CYLS	EQU		10
     5 00000000                                 
     6                                          		ORG		0x7c00			; 程序加载位置
     7 00007C00                                 
     8 00007C00                                 
     9 00007C00                                 ; 以下为FAT12引导
    10 00007C00 EB 4E                           		JMP		entry
    11 00007C02 90                              		DB		0x90
    12 00007C03 7A 4F 53 5F 5F 49 50 4C         		DB		"zOS__IPL"		; 扇区名称(8字符)
    13 00007C0B 0200                            		DW		512				; 扇区大小（512字节）
    14 00007C0D 01                              		DB		1				; cluster的个数(必须为1)
    15 00007C0E 0001                            		DW		1				; FAT起始位置（一般为1）
    16 00007C10 02                              		DB		2				; FAT个数（必须为2）
    17 00007C11 00E0                            		DW		224				; 根目录大小（一般为224）
    18 00007C13 0B40                            		DW		2880			; 磁盘大小（必须是2880扇区）
    19 00007C15 F0                              		DB		0xf0			; 磁盘种类（必须为0xf0）
    20 00007C16 0009                            		DW		9				; FAT长度(必须为9)
    21 00007C18 0012                            		DW		18				; 1个磁道有几个扇区（18）
    22 00007C1A 0002                            		DW		2				; 磁头数（必须为2）
    23 00007C1C 00000000                        		DD		0				; 不使用分区（必为00）
    24 00007C20 00000B40                        		DD		2880			; 重写磁道大小
    25 00007C24 00 00 29                        		DB		0,0,0x29		; 
    26 00007C27 FFFFFFFF                        		DD		0xffffffff		; 卷号
    27 00007C2B 7A 4F 53 2D 4F 53 20 20 20 20   		DB		"zOS-OS     "	; 磁盘名
       00007C35 20 
    28 00007C36 46 41 54 31 32 20 20 20         		DB		"FAT12   "		; 硬盘格式
    29 00007C3E 00 00 00 00 00 00 00 00 00 00   		RESB	18				; 空出18字符
       00007C48 00 00 00 00 00 00 00 00 
    30 00007C50                                 
    31 00007C50                                 ; 程序主体
    32 00007C50                                 
    33 00007C50                                 entry:
    34 00007C50 B8 0000                         		MOV		AX,0			; 初始化寄存器
    35 00007C53 8E D0                           		MOV		SS,AX
    36 00007C55 BC 7C00                         		MOV		SP,0x7c00
    37 00007C58 8E D8                           		MOV		DS,AX
    38 00007C5A                                 ; 读取磁盘
    39 00007C5A B8 0820                         		MOV		AX,0x0820
    40 00007C5D 8E C0                           		MOV		ES,AX			
    41 00007C5F B5 00                           		MOV		CH,0			; 柱面0
    42 00007C61 B6 00                           		MOV		DH,0			; 磁头2
    43 00007C63 B1 02                           		MOV		CL,2			; 扇区2
    44 00007C65                                 
    45 00007C65                                 readloop:						; 读取至18扇区
    46 00007C65 BE 0000                         		MOV		SI,0			; 此寄存器用于记录失败次数
    47 00007C68                                 
    48 00007C68                                 retry:
    49 00007C68 B4 02                           		MOV		AH,0x02			; AH=0x02 载入磁盘
    50 00007C6A B0 01                           		MOV		AL,1			; 1个扇区
    51 00007C6C BB 0000                         		MOV 	BX,0
    52 00007C6F B2 00                           		MOV 	DL,0x00			; A驱动器
    53 00007C71 CD 13                           		INT		0x13			; 调用磁盘BIOS
    54 00007C73 73 10                           		JNC		next			; 如果没有报错就执行next
    55 00007C75 83 C6 01                        		ADD		SI,1			; 失败次数+1
    56 00007C78 83 FE 05                        		CMP		SI,5			; 判断失败次数是否为5
    57 00007C7B 73 32                           		JAE		error			; SI>=5 时报错 JAE的意思是>=
    58 00007C7D B4 00                           		MOV		AH,0x00
    59 00007C7F B2 00                           		MOV		DL,0x00			; A驱动器
    60 00007C81 CD 13                           		INT		0x13			; 驱动器重置
    61 00007C83 EB E3                           		JMP		retry
    62 00007C85                                 
    63 00007C85                                 next:
    64 00007C85 8C C0                           		MOV		AX,ES			; 内存地址后移0x200
    65 00007C87 05 0020                         		ADD		AX,0x0020
    66 00007C8A 8E C0                           		MOV		ES,AX			
    67 00007C8C 80 C1 01                        		ADD		CL,1			; CL用来记录移动的扇区次数
    68 00007C8F 80 F9 12                        		CMP		CL,18			; 比较CL和18
    69 00007C92 76 D1                           		JBE		readloop		; CL <= 18时继续读盘
    70 00007C94 B1 01                           		MOV		CL,1
    71 00007C96 80 C6 01                        		ADD		DH,1
    72 00007C99 80 FE 02                        		CMP		DH,2
    73 00007C9C 72 C7                           		JB 		readloop		; DH < 2 跳转readloop
    74 00007C9E B6 00                           		MOV		DH,0
    75 00007CA0 80 C5 01                        		ADD		CH,1
    76 00007CA3 80 FD 0A                        		CMP		CH,CYLS
    77 00007CA6 72 BD                           		JB		readloop		; CH < CYLS 跳转readloop
    78 00007CA8                                 
    79 00007CA8 88 2E 0FF0                      		MOV		[0x0ff0],CH		; 读取zOS.sys
    80 00007CAC E9 4551                         		JMP		0xc200
    81 00007CAF                                 
    82 00007CAF                                 error:
    83 00007CAF BE 7CC7                         		MOV		SI,msg
    84 00007CB2                                 
    85 00007CB2                                 putloop:
    86 00007CB2 8A 04                           		MOV		AL,[SI]
    87 00007CB4 83 C6 01                        		ADD		SI,1			; SI+1
    88 00007CB7 3C 00                           		CMP		AL,0
    89 00007CB9 74 09                           		JE		fin
    90 00007CBB B4 0E                           		MOV		AH,0x0e			; 显示文字
    91 00007CBD BB 000F                         		MOV		BX,15			; 字符颜色
    92 00007CC0 CD 10                           		INT		0x10			; 调用BIOS命令
    93 00007CC2 EB EE                           		JMP		putloop
    94 00007CC4                                 		
    95 00007CC4                                 fin:
    96 00007CC4 F4                              		HLT						; CPU待命
    97 00007CC5 EB FD                           		JMP		fin				; 无限循环
    98 00007CC7                                 
    99 00007CC7                                 msg:
   100 00007CC7 0A 0A                           		DB		0x0a, 0x0a		; 换行
   101 00007CC9 6C 6F 61 64 20 65 72 72 6F 72   		DB		"load error...zOS is in development."
       00007CD3 2E 2E 2E 7A 4F 53 20 69 73 20 
       00007CDD 69 6E 20 64 65 76 65 6C 6F 70 
       00007CE7 6D 65 6E 74 2E 
   102 00007CEC 0A                              		DB		0x0a			; 换行
   103 00007CED 4C 61 73 74 20 75 70 64 61 74   		DB		"Last updata is 2019.10.12 14:52"
       00007CF7 61 20 69 73 20 32 30 31 39 2E 
       00007D01 31 30 2E 31 32 20 31 34 3A 35 
       00007D0B 32 
   104 00007D0C 00                              		DB		0
   105 00007D0D                                 
   106 00007D0D 00 00 00 00 00 00 00 00 00 00   		RESB	0x7dfe-$		; 填充0x00直到0x7dfe
       00007D17 00 00 00 00 00 00 00 00 00 00 
       00007D21 00 00 00 00 00 00 00 00 00 00 
       00007D2B 00 00 00 00 00 00 00 00 00 00 
       00007D35 00 00 00 00 00 00 00 00 00 00 
       00007D3F 00 00 00 00 00 00 00 00 00 00 
       00007D49 00 00 00 00 00 00 00 00 00 00 
       00007D53 00 00 00 00 00 00 00 00 00 00 
       00007D5D 00 00 00 00 00 00 00 00 00 00 
       00007D67 00 00 00 00 00 00 00 00 00 00 
       00007D71 00 00 00 00 00 00 00 00 00 00 
       00007D7B 00 00 00 00 00 00 00 00 00 00 
       00007D85 00 00 00 00 00 00 00 00 00 00 
       00007D8F 00 00 00 00 00 00 00 00 00 00 
       00007D99 00 00 00 00 00 00 00 00 00 00 
       00007DA3 00 00 00 00 00 00 00 00 00 00 
       00007DAD 00 00 00 00 00 00 00 00 00 00 
       00007DB7 00 00 00 00 00 00 00 00 00 00 
       00007DC1 00 00 00 00 00 00 00 00 00 00 
       00007DCB 00 00 00 00 00 00 00 00 00 00 
       00007DD5 00 00 00 00 00 00 00 00 00 00 
       00007DDF 00 00 00 00 00 00 00 00 00 00 
       00007DE9 00 00 00 00 00 00 00 00 00 00 
       00007DF3 00 00 00 00 00 00 00 00 00 00 
       00007DFD 00 
   107 00007DFE                                 
   108 00007DFE 55 AA                           		DB		0x55, 0xaa